<?xml version="1.0" encoding="UTF-8"?>
<!-- Generated by org.testng.reporters.JUnitReportReporter -->
<testsuite hostname="PradeepParva" failures="0" tests="2" name="pac2.OrgTest" time="0.100" errors="0" timestamp="2024-07-29T10:50:43 IST" skipped="0">
  <testcase classname="pac2.OrgTest" name="modifyOrgTest" time="0.018"/>
  <system-out/>
  <testcase classname="pac2.OrgTest" name="createOrgTest" time="0.082"/>
  <system-out/>
</testsuite> <!-- pac2.OrgTest -->
