<?xml version="1.0" encoding="UTF-8"?>
<!-- Generated by org.testng.reporters.JUnitReportReporter -->
<testsuite hostname="PradeepParva" failures="0" tests="2" name="pac1.ContactTest" time="0.058" errors="0" timestamp="2024-07-29T10:50:03 IST" skipped="0">
  <testcase classname="pac1.ContactTest" name="createContactTest" time="0.044"/>
  <system-out/>
  <testcase classname="pac1.ContactTest" name="modifyContactTest" time="0.014"/>
  <system-out/>
</testsuite> <!-- pac1.ContactTest -->
