<?xml version="1.0" encoding="UTF-8"?>
<!-- Generated by org.testng.reporters.JUnitReportReporter -->
<testsuite hostname="PradeepParva" failures="0" tests="2" name="pac1.ContactTest" time="0.022" errors="0" timestamp="2024-07-30T15:45:34 IST" skipped="0">
  <testcase classname="pac1.ContactTest" name="modifyContactTest" time="0.003"/>
  <system-out/>
  <testcase classname="pac1.ContactTest" name="createContactTest" time="0.019"/>
  <system-out/>
</testsuite> <!-- pac1.ContactTest -->
